Arguments: 
  C:\Users\polbr01\AppData\Local\nvs\default\node.exe C:\Users\polbr01\AppData\Local\nvs\default\node_modules\yarn\bin\yarn.js

PATH: 
  C:\Program Files\AdoptOpenJDK\jre-8.0.292.10-hotspot\bin;C:\Program Files (x86)\AdoptOpenJDK\jre-8.0.292.10-hotspot\bin;C:\Windows\system32;C:\Windows;C:\Windows\System32\Wbem;C:\Windows\System32\WindowsPowerShell\v1.0\;C:\Windows\System32\OpenSSH\;C:\Program Files\Dell\Dell Data Protection\Encryption\;C:\Users\polbr01\AppData\Local\Microsoft\WindowsApps;C:\Users\polbr01\AppData\Local\Programs\Microsoft VS Code\bin;C:\Users\polbr01\AppData\Local\nvs\;C:\Users\polbr01\AppData\Local\nvs\default;C:\Users\polbr01\Downloads\Coding\tools\PortableGit\cmd

Yarn version: 
  1.22.18

Node version: 
  16.15.0

Platform: 
  win32 x64

Trace: 
  Error: https://registry.yarnpkg.com/date-fns/-/date-fns-2.28.0.tgz: ESOCKETTIMEDOUT
      at ClientRequest.<anonymous> (C:\Users\polbr01\AppData\Local\nvs\node\16.15.0\x64\node_modules\yarn\lib\cli.js:141510:19)
      at Object.onceWrapper (node:events:641:28)
      at ClientRequest.emit (node:events:527:28)
      at TLSSocket.emitRequestTimeout (node:_http_client:771:9)
      at Object.onceWrapper (node:events:641:28)
      at TLSSocket.emit (node:events:539:35)
      at TLSSocket.Socket._onTimeout (node:net:516:8)
      at listOnTimeout (node:internal/timers:559:17)
      at processTimers (node:internal/timers:502:7)

npm manifest: 
  {
    "name": "twitter2-clone",
    "private": true,
    "version": "1.0.0",
    "description": "This example shows how to use [Tailwind CSS](https://tailwindcss.com/) [(v3.0)](https://tailwindcss.com/blog/tailwindcss-v3) with Next.js. It follows the steps outlined in the official [Tailwind docs](https://tailwindcss.com/docs/guides/nextjs)",
    "main": "package.json",
    "author": null,
    "license": "UNLICENSED",
    "scripts": {
      "start": "sanity start",
      "build": "sanity build"
    },
    "keywords": [
      "sanity"
    ],
    "dependencies": {
      "@sanity/base": "^2.29.0",
      "@sanity/core": "^2.29.0",
      "@sanity/default-layout": "^2.29.0",
      "@sanity/default-login": "^2.29.0",
      "@sanity/desk-tool": "^2.29.0",
      "@sanity/eslint-config-studio": "^2.0.0",
      "@sanity/vision": "^2.29.0",
      "eslint": "^8.6.0",
      "prop-types": "^15.7",
      "react": "^17.0",
      "react-dom": "^17.0",
      "styled-components": "^5.2.0"
    },
    "devDependencies": {},
    "repository": {
      "type": "git",
      "url": "git@github.com:githubrails2/twit2.0-yt-clone.git"
    }
  }

yarn manifest: 
  No manifest

Lockfile: 
  No lockfile
